cultraview/HHTApiTest/HHTService/build/intermediates/manifest_merge_blame_file/debug/manifest-merger-blame-debug-report.txt
1<?xml version="1.0" encoding="utf-8"?>
2<manifest xmlns:android="http://schemas.android.com/apk/res/android"
3    package="com.hht.android.sdk.service"
4    android:sharedUserId="android.uid.system"
5    android:versionCode="1"
6    android:versionName="1.0" >
7
8    <uses-sdk
9        android:minSdkVersion="24"
9-->src/main/AndroidManifest.xml
10        android:targetSdkVersion="28" />
10-->src/main/AndroidManifest.xml
11
12    <uses-permission android:name="android.permission.SYSTEM_ALERT_WINDOW" />
12-->src/main/AndroidManifest.xml:5:5-77
12-->src/main/AndroidManifest.xml:5:22-75
13    <uses-permission android:name="android.permission.READ_SETTINGS" />
13-->src/main/AndroidManifest.xml:6:5-72
13-->src/main/AndroidManifest.xml:6:22-69
14    <uses-permission android:name="android.permission.WRITE_EXTERNAL_STORAGE" />
14-->src/main/AndroidManifest.xml:7:5-81
14-->src/main/AndroidManifest.xml:7:22-78
15    <uses-permission android:name="android.permission.WRITE_SETTINGS" />
15-->src/main/AndroidManifest.xml:8:5-73
15-->src/main/AndroidManifest.xml:8:22-70
16    <uses-permission android:name="android.permission.WRITE_SECURE_SETTINGS" />
16-->src/main/AndroidManifest.xml:9:5-80
16-->src/main/AndroidManifest.xml:9:22-77
17    <uses-permission android:name="android.permission.DEVICE_POWER" />
17-->src/main/AndroidManifest.xml:10:5-71
17-->src/main/AndroidManifest.xml:10:22-68
18    <uses-permission android:name="android.permission.MOUNT_UNMOUNT_FILESYSTEMS" />
18-->src/main/AndroidManifest.xml:11:5-84
18-->src/main/AndroidManifest.xml:11:22-81
19    <uses-permission android:name="android.permission.VIBRATE" />
19-->src/main/AndroidManifest.xml:12:5-66
19-->src/main/AndroidManifest.xml:12:22-63
20    <uses-permission android:name="android.permission.BLUETOOTH" />
20-->src/main/AndroidManifest.xml:13:5-68
20-->src/main/AndroidManifest.xml:13:22-65
21    <uses-permission android:name="android.permission.BLUETOOTH_ADMIN" />
21-->src/main/AndroidManifest.xml:14:5-74
21-->src/main/AndroidManifest.xml:14:22-71
22    <uses-permission android:name="android.permission.NFC" />
22-->src/main/AndroidManifest.xml:15:5-62
22-->src/main/AndroidManifest.xml:15:22-59
23    <uses-permission android:name="android.permission.HARDWARE_TEST" />
23-->src/main/AndroidManifest.xml:16:5-72
23-->src/main/AndroidManifest.xml:16:22-69
24    <uses-permission android:name="android.permission.CALL_PHONE" />
24-->src/main/AndroidManifest.xml:17:5-69
24-->src/main/AndroidManifest.xml:17:22-66
25    <uses-permission android:name="android.permission.MODIFY_AUDIO_SETTINGS" />
25-->src/main/AndroidManifest.xml:18:5-80
25-->src/main/AndroidManifest.xml:18:22-77
26    <uses-permission android:name="android.permission.MASTER_CLEAR" />
26-->src/main/AndroidManifest.xml:19:5-71
26-->src/main/AndroidManifest.xml:19:22-68
27    <uses-permission android:name="android.permission.USE_CREDENTIALS" />
27-->src/main/AndroidManifest.xml:20:5-74
27-->src/main/AndroidManifest.xml:20:22-71
28    <uses-permission android:name="com.google.android.googleapps.permission.GOOGLE_AUTH" />
28-->src/main/AndroidManifest.xml:21:5-92
28-->src/main/AndroidManifest.xml:21:22-89
29    <uses-permission android:name="android.permission.ACCESS_DOWNLOAD_MANAGER" />
29-->src/main/AndroidManifest.xml:22:5-82
29-->src/main/AndroidManifest.xml:22:22-79
30    <uses-permission android:name="android.permission.READ_CONTACTS" />
30-->src/main/AndroidManifest.xml:23:5-72
30-->src/main/AndroidManifest.xml:23:22-69
31    <uses-permission android:name="android.permission.WRITE_CONTACTS" />
31-->src/main/AndroidManifest.xml:24:5-73
31-->src/main/AndroidManifest.xml:24:22-70
32    <uses-permission android:name="android.permission.ACCESS_NETWORK_STATE" />
32-->src/main/AndroidManifest.xml:25:5-79
32-->src/main/AndroidManifest.xml:25:22-76
33    <uses-permission android:name="android.permission.ACCESS_WIMAX_STATE" />
33-->src/main/AndroidManifest.xml:26:5-77
33-->src/main/AndroidManifest.xml:26:22-74
34    <uses-permission android:name="android.permission.CHANGE_WIMAX_STATE" />
34-->src/main/AndroidManifest.xml:27:5-77
34-->src/main/AndroidManifest.xml:27:22-74
35    <uses-permission android:name="android.permission.ACCESS_WIFI_STATE" />
35-->src/main/AndroidManifest.xml:28:5-76
35-->src/main/AndroidManifest.xml:28:22-73
36    <uses-permission android:name="android.permission.CHANGE_WIFI_STATE" />
36-->src/main/AndroidManifest.xml:29:5-76
36-->src/main/AndroidManifest.xml:29:22-73
37    <uses-permission android:name="android.permission.INTERNET" />
37-->src/main/AndroidManifest.xml:30:5-67
37-->src/main/AndroidManifest.xml:30:22-64
38    <uses-permission android:name="android.permission.CLEAR_APP_USER_DATA" />
38-->src/main/AndroidManifest.xml:31:5-78
38-->src/main/AndroidManifest.xml:31:22-75
39    <uses-permission android:name="android.permission.READ_PHONE_STATE" />
39-->src/main/AndroidManifest.xml:32:5-75
39-->src/main/AndroidManifest.xml:32:22-72
40    <uses-permission android:name="android.permission.MODIFY_PHONE_STATE" />
40-->src/main/AndroidManifest.xml:33:5-77
40-->src/main/AndroidManifest.xml:33:22-74
41    <uses-permission android:name="android.permission.ACCESS_COARSE_LOCATION" />
41-->src/main/AndroidManifest.xml:34:5-81
41-->src/main/AndroidManifest.xml:34:22-78
42    <uses-permission android:name="android.permission.WRITE_APN_SETTINGS" />
42-->src/main/AndroidManifest.xml:35:5-77
42-->src/main/AndroidManifest.xml:35:22-74
43    <uses-permission android:name="android.permission.ACCESS_CHECKIN_PROPERTIES" />
43-->src/main/AndroidManifest.xml:36:5-84
43-->src/main/AndroidManifest.xml:36:22-81
44    <uses-permission android:name="android.permission.READ_USER_DICTIONARY" />
44-->src/main/AndroidManifest.xml:37:5-79
44-->src/main/AndroidManifest.xml:37:22-76
45    <uses-permission android:name="android.permission.WRITE_USER_DICTIONARY" />
45-->src/main/AndroidManifest.xml:38:5-80
45-->src/main/AndroidManifest.xml:38:22-77
46    <uses-permission android:name="android.permission.FORCE_STOP_PACKAGES" />
46-->src/main/AndroidManifest.xml:39:5-78
46-->src/main/AndroidManifest.xml:39:22-75
47    <uses-permission android:name="android.permission.PACKAGE_USAGE_STATS" />
47-->src/main/AndroidManifest.xml:40:5-78
47-->src/main/AndroidManifest.xml:40:22-75
48    <uses-permission android:name="android.permission.BATTERY_STATS" />
48-->src/main/AndroidManifest.xml:41:5-72
48-->src/main/AndroidManifest.xml:41:22-69
49    <uses-permission android:name="com.android.launcher.permission.READ_SETTINGS" />
49-->src/main/AndroidManifest.xml:42:5-85
49-->src/main/AndroidManifest.xml:42:22-82
50    <uses-permission android:name="com.android.launcher.permission.WRITE_SETTINGS" />
50-->src/main/AndroidManifest.xml:43:5-86
50-->src/main/AndroidManifest.xml:43:22-83
51    <uses-permission android:name="android.permission.MOVE_PACKAGE" />
51-->src/main/AndroidManifest.xml:44:5-71
51-->src/main/AndroidManifest.xml:44:22-68
52    <uses-permission android:name="android.permission.USE_CREDENTIALS" />
52-->src/main/AndroidManifest.xml:20:5-74
52-->src/main/AndroidManifest.xml:20:22-71
53    <uses-permission android:name="android.permission.BACKUP" />
53-->src/main/AndroidManifest.xml:46:5-65
53-->src/main/AndroidManifest.xml:46:22-62
54    <uses-permission android:name="android.permission.READ_SYNC_SETTINGS" />
54-->src/main/AndroidManifest.xml:47:5-77
54-->src/main/AndroidManifest.xml:47:22-74
55    <uses-permission android:name="android.permission.WRITE_SYNC_SETTINGS" />
55-->src/main/AndroidManifest.xml:48:5-78
55-->src/main/AndroidManifest.xml:48:22-75
56    <uses-permission android:name="android.permission.READ_SYNC_STATS" />
56-->src/main/AndroidManifest.xml:49:5-74
56-->src/main/AndroidManifest.xml:49:22-71
57    <uses-permission android:name="android.permission.READ_SYNC_SETTINGS" />
57-->src/main/AndroidManifest.xml:47:5-77
57-->src/main/AndroidManifest.xml:47:22-74
58    <uses-permission android:name="android.permission.WRITE_SYNC_SETTINGS" />
58-->src/main/AndroidManifest.xml:48:5-78
58-->src/main/AndroidManifest.xml:48:22-75
59    <uses-permission android:name="android.permission.STATUS_BAR" />
59-->src/main/AndroidManifest.xml:52:5-69
59-->src/main/AndroidManifest.xml:52:22-66
60    <uses-permission android:name="android.permission.MANAGE_USB" />
60-->src/main/AndroidManifest.xml:53:5-69
60-->src/main/AndroidManifest.xml:53:22-66
61    <uses-permission android:name="android.permission.SET_POINTER_SPEED" />
61-->src/main/AndroidManifest.xml:54:5-76
61-->src/main/AndroidManifest.xml:54:22-73
62    <uses-permission android:name="com.android.voicemail.permission.ADD_VOICEMAIL" />
62-->src/main/AndroidManifest.xml:55:5-86
62-->src/main/AndroidManifest.xml:55:22-83
63    <uses-permission android:name="android.permission.SET_ORIENTATION" />
63-->src/main/AndroidManifest.xml:56:5-74
63-->src/main/AndroidManifest.xml:56:22-71
64    <uses-permission android:name="android.permission.WAKE_LOCK" />
64-->src/main/AndroidManifest.xml:57:5-68
64-->src/main/AndroidManifest.xml:57:22-65
65    <uses-permission android:name="android.permission.GET_PACKAGE_SIZE" />
65-->src/main/AndroidManifest.xml:58:5-75
65-->src/main/AndroidManifest.xml:58:22-72
66    <uses-permission android:name="android.permission.GET_TASKS" />
66-->src/main/AndroidManifest.xml:59:5-68
66-->src/main/AndroidManifest.xml:59:22-65
67    <uses-permission android:name="android.permission.READ_EXTERNAL_STORAGE" >
67-->src/main/AndroidManifest.xml:60:5-61:23
67-->src/main/AndroidManifest.xml:60:22-77
68    </uses-permission>
69    <uses-permission android:name="android.permission.RESTART_PACKAGES" />
69-->src/main/AndroidManifest.xml:62:5-75
69-->src/main/AndroidManifest.xml:62:22-72
70    <uses-permission android:name="android.permission.RECEIVE_BOOT_COMPLETED" />
70-->src/main/AndroidManifest.xml:63:5-81
70-->src/main/AndroidManifest.xml:63:22-78
71    <!-- DB Operation change to ContentProvider start -->
72    <uses-permission android:name="com.mstar.android.permissionn.ACCESS_TV_DATA" />
72-->src/main/AndroidManifest.xml:65:5-84
72-->src/main/AndroidManifest.xml:65:22-81
73    <!-- DB Operation change to ContentProvider end -->
74    <uses-permission android:name="android.permission.READ_MEDIA_STORAGE" />
74-->src/main/AndroidManifest.xml:67:5-77
74-->src/main/AndroidManifest.xml:67:22-74
75    <uses-permission android:name="android.permission.WRITE_MEDIA_STORAGE" />
75-->src/main/AndroidManifest.xml:68:5-78
75-->src/main/AndroidManifest.xml:68:22-75
76    <uses-permission android:name="android.permission.KILL_BACKGROUND_PROCESSES" />
76-->src/main/AndroidManifest.xml:69:5-84
76-->src/main/AndroidManifest.xml:69:22-81
77    <!-- google account permission -->
78    <uses-permission android:name="android.permission.MANAGE_ACCOUNTS" />
78-->src/main/AndroidManifest.xml:71:5-74
78-->src/main/AndroidManifest.xml:71:22-71
79    <uses-permission android:name="android.permission.GET_ACCOUNTS" />
79-->src/main/AndroidManifest.xml:72:5-71
79-->src/main/AndroidManifest.xml:72:22-68
80    <uses-permission android:name="android.permission.AUTHENTICATE_ACCOUNTS" />
80-->src/main/AndroidManifest.xml:73:5-80
80-->src/main/AndroidManifest.xml:73:22-77
81    <uses-permission android:name="android.Manifest.permission.TETHER_PRIVILEGED" />
81-->src/main/AndroidManifest.xml:74:5-85
81-->src/main/AndroidManifest.xml:74:22-82
82    <uses-permission android:name="android.permission.INTERNET" />
82-->src/main/AndroidManifest.xml:30:5-67
82-->src/main/AndroidManifest.xml:30:22-64
83    <uses-permission android:name="android.permission.SET_TIME_ZONE" />
83-->src/main/AndroidManifest.xml:77:5-72
83-->src/main/AndroidManifest.xml:77:22-69
84    <uses-permission android:name="android.permission.INSTALL_PACKAGES" />
84-->src/main/AndroidManifest.xml:79:5-75
84-->src/main/AndroidManifest.xml:79:22-72
85    <uses-permission android:name="android.permission.READ_EXTERNAL_STORAGE" />
85-->src/main/AndroidManifest.xml:60:5-61:23
85-->src/main/AndroidManifest.xml:60:22-77
86    <uses-permission android:name="android.permission.WRITE_EXTERNAL_STORAGE" />
86-->src/main/AndroidManifest.xml:7:5-81
86-->src/main/AndroidManifest.xml:7:22-78
87    <uses-permission android:name="android.permission.EXPAND_STATUS_BAR" />
87-->src/main/AndroidManifest.xml:82:5-76
87-->src/main/AndroidManifest.xml:82:22-73
88    <uses-permission android:name="android.permission.GET_TASKS" />
88-->src/main/AndroidManifest.xml:59:5-68
88-->src/main/AndroidManifest.xml:59:22-65
89    <uses-permission android:name="android.permission.READ_CONTACTS" />
89-->src/main/AndroidManifest.xml:23:5-72
89-->src/main/AndroidManifest.xml:23:22-69
90    <uses-permission android:name="android.permission.VIBRATE" />
90-->src/main/AndroidManifest.xml:12:5-66
90-->src/main/AndroidManifest.xml:12:22-63
91    <uses-permission android:name="android.permission.RESTART_PACKAGES" />
91-->src/main/AndroidManifest.xml:62:5-75
91-->src/main/AndroidManifest.xml:62:22-72
92    <uses-permission android:name="android.permission.PERSISTENT_ACTIVITY" />
92-->src/main/AndroidManifest.xml:87:5-78
92-->src/main/AndroidManifest.xml:87:22-75
93    <uses-permission android:name="android.permission.CAMERA" />
93-->src/main/AndroidManifest.xml:88:5-65
93-->src/main/AndroidManifest.xml:88:22-62
94    <uses-permission android:name="com.mstar.android.permissionn.ACCESS_TV_DATA" />
94-->src/main/AndroidManifest.xml:65:5-84
94-->src/main/AndroidManifest.xml:65:22-81
95    <uses-permission android:name="android.permission.MOUNT_FORMAT_FILESYSTEMS" />
95-->src/main/AndroidManifest.xml:90:5-83
95-->src/main/AndroidManifest.xml:90:22-80
96    <uses-permission android:name="android.permission.GET_TASKS" />
96-->src/main/AndroidManifest.xml:59:5-68
96-->src/main/AndroidManifest.xml:59:22-65
97    <uses-permission android:name="android.permission.CHANGE_CONFIGURATION" />
97-->src/main/AndroidManifest.xml:92:5-79
97-->src/main/AndroidManifest.xml:92:22-76
98    <uses-permission android:name="android.permission.SYSTEM_ALERT_WINDOW" />
98-->src/main/AndroidManifest.xml:5:5-77
98-->src/main/AndroidManifest.xml:5:22-75
99    <uses-permission android:name="android.permission.ACCESS_WIFI_STATE" />
99-->src/main/AndroidManifest.xml:28:5-76
99-->src/main/AndroidManifest.xml:28:22-73
100    <uses-permission android:name="android.permission.CHANGE_WIFI_STATE" />
100-->src/main/AndroidManifest.xml:29:5-76
100-->src/main/AndroidManifest.xml:29:22-73
101    <uses-permission android:name="android.permission.BLUETOOTH" />
101-->src/main/AndroidManifest.xml:13:5-68
101-->src/main/AndroidManifest.xml:13:22-65
102    <uses-permission android:name="android.permission.BLUETOOTH_ADMIN" />
102-->src/main/AndroidManifest.xml:14:5-74
102-->src/main/AndroidManifest.xml:14:22-71
103    <uses-permission android:name="android.permission.ACCESS_NETWORK_STATE" />
103-->src/main/AndroidManifest.xml:25:5-79
103-->src/main/AndroidManifest.xml:25:22-76
104    <uses-permission android:name="android.permission.CHANGE_NETWORK_STATE" />
104-->src/main/AndroidManifest.xml:99:5-79
104-->src/main/AndroidManifest.xml:99:22-76
105    <uses-permission android:name="android.hardware.usb.host" />
105-->src/main/AndroidManifest.xml:100:5-65
105-->src/main/AndroidManifest.xml:100:22-62
106    <uses-permission android:name="android.hardware.usb.accessory" />
106-->src/main/AndroidManifest.xml:101:5-70
106-->src/main/AndroidManifest.xml:101:22-67
107    <uses-permission android:name="android.permission.BLUETOOTH_PRIVILEGED" />
107-->src/main/AndroidManifest.xml:103:5-79
107-->src/main/AndroidManifest.xml:103:22-76
108
109    <application
109-->src/main/AndroidManifest.xml:105:5-124:19
110        android:allowBackup="true"
110-->src/main/AndroidManifest.xml:108:9-35
111        android:appComponentFactory="android.support.v4.app.CoreComponentFactory"
111-->[com.android.support:support-compat:28.0.0] AndroidManifest.xml:22:18-91
112        android:debuggable="true"
113        android:directBootAware="true"
113-->src/main/AndroidManifest.xml:106:9-39
114        android:excludeFromRecents="true"
114-->src/main/AndroidManifest.xml:110:9-42
115        android:persistent="true"
115-->src/main/AndroidManifest.xml:107:9-34
116        android:supportsRtl="true" >
116-->src/main/AndroidManifest.xml:109:9-35
117        <uses-library android:name="com.hht.android.sdk" />
117-->src/main/AndroidManifest.xml:111:9-59
117-->src/main/AndroidManifest.xml:111:23-57
118        <uses-library android:name="com.cultraview.tv" />
118-->src/main/AndroidManifest.xml:112:9-57
118-->src/main/AndroidManifest.xml:112:23-55
119        <uses-library android:name="com.mstar.android" />
119-->src/main/AndroidManifest.xml:113:9-57
119-->src/main/AndroidManifest.xml:113:23-55
120
121        <service android:name="com.hht.android.sdk.service.HHTService" >
121-->src/main/AndroidManifest.xml:114:9-122:19
121-->src/main/AndroidManifest.xml:114:18-44
122            <intent-filter android:priority="1" >
122-->src/main/AndroidManifest.xml:115:13-118:29
122-->src/main/AndroidManifest.xml:115:28-48
123                <action android:name="com.hht.android.sdk.service.HHTService" />
123-->src/main/AndroidManifest.xml:116:17-80
123-->src/main/AndroidManifest.xml:116:25-78
124
125                <category android:name="android.intent.category.DEFAULT" />
125-->src/main/AndroidManifest.xml:117:17-76
125-->src/main/AndroidManifest.xml:117:27-73
126            </intent-filter>
127
128            <meta-data
128-->src/main/AndroidManifest.xml:119:13-121:40
129                android:name="com.android.settings.PRIMARY_PROFILE_CONTROLLED"
129-->src/main/AndroidManifest.xml:120:17-79
130                android:value="true" />
130-->src/main/AndroidManifest.xml:121:17-37
131        </service>
132    </application>
133
134</manifest>